<?xml version="1.0" encoding="UTF-8"?>
<!-- Generated by org.testng.reporters.JUnitReportReporter -->
<testsuite hostname="24850-438349" failures="0" tests="16" name="com.stctv.qa.testcases.LoginPageTest" time="529.644" errors="0" timestamp="2022-12-30T15:57:21 IST" skipped="0">
  <testcase classname="com.stctv.qa.testcases.LoginPageTest" name="validatepremiumPackagePriceForSAR" time="28.680"/>
  <system-out/>
  <testcase classname="com.stctv.qa.testcases.LoginPageTest" name="subscriptionTypeLite" time="25.786"/>
  <system-out/>
  <testcase classname="com.stctv.qa.testcases.LoginPageTest" name="validateCountryKSA" time="15.768"/>
  <system-out/>
  <testcase classname="com.stctv.qa.testcases.LoginPageTest" name="validateClassicPackagePriceForSAR" time="44.015"/>
  <system-out/>
  <testcase classname="com.stctv.qa.testcases.LoginPageTest" name="loginPageTitleTest" time="19.380"/>
  <system-out/>
  <testcase classname="com.stctv.qa.testcases.LoginPageTest" name="validateClassicPackagePriceForBHD" time="61.942"/>
  <system-out/>
  <testcase classname="com.stctv.qa.testcases.LoginPageTest" name="validateLitePackagePriceForKWD" time="15.303"/>
  <system-out/>
  <testcase classname="com.stctv.qa.testcases.LoginPageTest" name="validatepremiumPackagePriceForBHD" time="34.591"/>
  <system-out/>
  <testcase classname="com.stctv.qa.testcases.LoginPageTest" name="validateClassicPackagePriceForKWD" time="47.295"/>
  <system-out/>
  <testcase classname="com.stctv.qa.testcases.LoginPageTest" name="validateCountryKuwait" time="32.986"/>
  <system-out/>
  <testcase classname="com.stctv.qa.testcases.LoginPageTest" name="validateLitePackagePriceForSAR" time="34.979"/>
  <system-out/>
  <testcase classname="com.stctv.qa.testcases.LoginPageTest" name="validateLitePackagePriceForBHD" time="28.972"/>
  <system-out/>
  <testcase classname="com.stctv.qa.testcases.LoginPageTest" name="subscriptionTypeClassic" time="19.654"/>
  <system-out/>
  <testcase classname="com.stctv.qa.testcases.LoginPageTest" name="subscriptionTypePremium" time="21.019"/>
  <system-out/>
  <testcase classname="com.stctv.qa.testcases.LoginPageTest" name="validateCountryBahrain" time="50.099"/>
  <system-out/>
  <testcase classname="com.stctv.qa.testcases.LoginPageTest" name="validatepremiumPackagePriceForKWD" time="49.175"/>
  <system-out/>
</testsuite> <!-- com.stctv.qa.testcases.LoginPageTest -->
